# JRE version: OpenJDK Runtime Environment Temurin-21.0.10+7 (21.0.10+7) (build 21.0.10+7-LTS)
# Java VM: OpenJDK 64-Bit Server VM Temurin-21.0.10+7 (21.0.10+7-LTS, mixed mode, sharing, tiered, compressed oops, compressed class ptrs, parallel gc, windows-amd64)
GC Precious Log:
 CardTable entry size: 512
 CPUs: 12 total, 12 available
 Memory: 16122M
 Large Page Support: Disabled
 NUMA Support: Disabled
 Compressed Oops: Enabled (32-bit)
 Alignments: Space 512K, Generation 512K, Heap 2M
 Heap Min Capacity: 100M
 Heap Initial Capacity: 100M
 Heap Max Capacity: 2G
 Pre-touch: Disabled
 Parallel Workers: 10
Heap:
 PSYoungGen      total 4608K, used 2985K [0x00000000d5580000, 0x00000000d5b00000, 0x0000000100000000)
  eden space 4096K, 65% used [0x00000000d5580000,0x00000000d5822410,0x00000000d5980000)
  from space 512K, 56% used [0x00000000d5a00000,0x00000000d5a48000,0x00000000d5a80000)
  to   space 512K, 0% used [0x00000000d5a80000,0x00000000d5a80000,0x00000000d5b00000)
 ParOldGen       total 483840K, used 396564K [0x0000000080000000, 0x000000009d880000, 0x00000000d5580000)
  object space 483840K, 81% used [0x0000000080000000,0x00000000983452b8,0x000000009d880000)
 Metaspace       used 83155K, committed 84800K, reserved 1179648K
  class space    used 8326K, committed 9088K, reserved 1048576K
GC Heap History (20 events):
Event: 1871.721 GC heap before
{Heap before GC invocations=1605 (full 5):
 PSYoungGen      total 5120K, used 4672K [0x00000000d5580000, 0x00000000d5b80000, 0x0000000100000000)
  eden space 4096K, 100% used [0x00000000d5580000,0x00000000d5980000,0x00000000d5980000)
  from space 1024K, 56% used [0x00000000d5980000,0x00000000d5a10020,0x00000000d5a80000)
  to   space 1024K, 0% used [0x00000000d5a80000,0x00000000d5a80000,0x00000000d5b80000)
 ParOldGen       total 483840K, used 362194K [0x0000000080000000, 0x000000009d880000, 0x00000000d5580000)
  object space 483840K, 74% used [0x0000000080000000,0x00000000961b4a18,0x000000009d880000)
 Metaspace       used 82754K, committed 84480K, reserved 1179648K
  class space    used 8285K, committed 9088K, reserved 1048576K
}
Event: 1871.722 GC heap after
{Heap after GC invocations=1605 (full 5):
 PSYoungGen      total 5120K, used 576K [0x00000000d5580000, 0x00000000d5b80000, 0x0000000100000000)
  eden space 4096K, 0% used [0x00000000d5580000,0x00000000d5580000,0x00000000d5980000)
  from space 1024K, 56% used [0x00000000d5a80000,0x00000000d5b10000,0x00000000d5b80000)
  to   space 1024K, 0% used [0x00000000d5980000,0x00000000d5980000,0x00000000d5a80000)
 ParOldGen       total 483840K, used 362578K [0x0000000080000000, 0x000000009d880000, 0x00000000d5580000)
  object space 483840K, 74% used [0x0000000080000000,0x0000000096214a38,0x000000009d880000)
 Metaspace       used 82754K, committed 84480K, reserved 1179648K
  class space    used 8285K, committed 9088K, reserved 1048576K
}
Event: 1871.726 GC heap before
{Heap before GC invocations=1606 (full 5):
 PSYoungGen      total 5120K, used 4672K [0x00000000d5580000, 0x00000000d5b80000, 0x0000000100000000)
  eden space 4096K, 100% used [0x00000000d5580000,0x00000000d5980000,0x00000000d5980000)
  from space 1024K, 56% used [0x00000000d5a80000,0x00000000d5b10000,0x00000000d5b80000)
  to   space 1024K, 0% used [0x00000000d5980000,0x00000000d5980000,0x00000000d5a80000)
 ParOldGen       total 483840K, used 362578K [0x0000000080000000, 0x000000009d880000, 0x00000000d5580000)
  object space 483840K, 74% used [0x0000000080000000,0x0000000096214a38,0x000000009d880000)
 Metaspace       used 82754K, committed 84480K, reserved 1179648K
  class space    used 8285K, committed 9088K, reserved 1048576K
}
Event: 1871.728 GC heap after
{Heap after GC invocations=1606 (full 5):
 PSYoungGen      total 5120K, used 480K [0x00000000d5580000, 0x00000000d5b80000, 0x0000000100000000)
  eden space 4096K, 0% used [0x00000000d5580000,0x00000000d5580000,0x00000000d5980000)
  from space 1024K, 46% used [0x00000000d5980000,0x00000000d59f8000,0x00000000d5a80000)
  to   space 1024K, 0% used [0x00000000d5a80000,0x00000000d5a80000,0x00000000d5b80000)
 ParOldGen       total 483840K, used 362986K [0x0000000080000000, 0x000000009d880000, 0x00000000d5580000)
  object space 483840K, 75% used [0x0000000080000000,0x000000009627aa88,0x000000009d880000)
 Metaspace       used 82754K, committed 84480K, reserved 1179648K
  class space    used 8285K, committed 9088K, reserved 1048576K
}
Event: 1871.734 GC heap before
{Heap before GC invocations=1607 (full 5):
 PSYoungGen      total 5120K, used 4576K [0x00000000d5580000, 0x00000000d5b80000, 0x0000000100000000)
  eden space 4096K, 100% used [0x00000000d5580000,0x00000000d5980000,0x00000000d5980000)
  from space 1024K, 46% used [0x00000000d5980000,0x00000000d59f8000,0x00000000d5a80000)
  to   space 1024K, 0% used [0x00000000d5a80000,0x00000000d5a80000,0x00000000d5b80000)
 ParOldGen       total 483840K, used 362986K [0x0000000080000000, 0x000000009d880000, 0x00000000d5580000)
  object space 483840K, 75% used [0x0000000080000000,0x000000009627aa88,0x000000009d880000)
 Metaspace       used 82754K, committed 84480K, reserved 1179648K
  class space    used 8285K, committed 9088K, reserved 1048576K
}
Event: 1871.734 GC heap after
{Heap after GC invocations=1607 (full 5):
 PSYoungGen      total 5120K, used 608K [0x00000000d5580000, 0x00000000d5b80000, 0x0000000100000000)
  eden space 4096K, 0% used [0x00000000d5580000,0x00000000d5580000,0x00000000d5980000)
  from space 1024K, 59% used [0x00000000d5a80000,0x00000000d5b18020,0x00000000d5b80000)
  to   space 1024K, 0% used [0x00000000d5980000,0x00000000d5980000,0x00000000d5a80000)
 ParOldGen       total 483840K, used 363330K [0x0000000080000000, 0x000000009d880000, 0x00000000d5580000)
  object space 483840K, 75% used [0x0000000080000000,0x00000000962d0a88,0x000000009d880000)
 Metaspace       used 82754K, committed 84480K, reserved 1179648K
  class space    used 8285K, committed 9088K, reserved 1048576K
}
Event: 1871.740 GC heap before
{Heap before GC invocations=1608 (full 5):
 PSYoungGen      total 5120K, used 4704K [0x00000000d5580000, 0x00000000d5b80000, 0x0000000100000000)
  eden space 4096K, 100% used [0x00000000d5580000,0x00000000d5980000,0x00000000d5980000)
  from space 1024K, 59% used [0x00000000d5a80000,0x00000000d5b18020,0x00000000d5b80000)
  to   space 1024K, 0% used [0x00000000d5980000,0x00000000d5980000,0x00000000d5a80000)
 ParOldGen       total 483840K, used 363330K [0x0000000080000000, 0x000000009d880000, 0x00000000d5580000)
  object space 483840K, 75% used [0x0000000080000000,0x00000000962d0a88,0x000000009d880000)
 Metaspace       used 82754K, committed 84480K, reserved 1179648K
  class space    used 8285K, committed 9088K, reserved 1048576K
}
Event: 1871.741 GC heap after
{Heap after GC invocations=1608 (full 5):
 PSYoungGen      total 5120K, used 560K [0x00000000d5580000, 0x00000000d5b80000, 0x0000000100000000)
  eden space 4096K, 0% used [0x00000000d5580000,0x00000000d5580000,0x00000000d5980000)
  from space 1024K, 54% used [0x00000000d5980000,0x00000000d5a0c010,0x00000000d5a80000)
  to   space 1024K, 0% used [0x00000000d5a80000,0x00000000d5a80000,0x00000000d5b80000)
 ParOldGen       total 483840K, used 363786K [0x0000000080000000, 0x000000009d880000, 0x00000000d5580000)
  object space 483840K, 75% used [0x0000000080000000,0x0000000096342ac8,0x000000009d880000)
 Metaspace       used 82754K, committed 84480K, reserved 1179648K
  class space    used 8285K, committed 9088K, reserved 1048576K
}
Event: 1871.749 GC heap before
{Heap before GC invocations=1609 (full 5):
 PSYoungGen      total 5120K, used 4656K [0x00000000d5580000, 0x00000000d5b80000, 0x0000000100000000)
  eden space 4096K, 100% used [0x00000000d5580000,0x00000000d5980000,0x00000000d5980000)
  from space 1024K, 54% used [0x00000000d5980000,0x00000000d5a0c010,0x00000000d5a80000)
  to   space 1024K, 0% used [0x00000000d5a80000,0x00000000d5a80000,0x00000000d5b80000)
 ParOldGen       total 483840K, used 363786K [0x0000000080000000, 0x000000009d880000, 0x00000000d5580000)
  object space 483840K, 75% used [0x0000000080000000,0x0000000096342ac8,0x000000009d880000)
 Metaspace       used 82754K, committed 84480K, reserved 1179648K
  class space    used 8285K, committed 9088K, reserved 1048576K
}
Event: 1871.750 GC heap after
{Heap after GC invocations=1609 (full 5):
 PSYoungGen      total 5120K, used 736K [0x00000000d5580000, 0x00000000d5b80000, 0x0000000100000000)
  eden space 4096K, 0% used [0x00000000d5580000,0x00000000d5580000,0x00000000d5980000)
  from space 1024K, 71% used [0x00000000d5a80000,0x00000000d5b38000,0x00000000d5b80000)
  to   space 1024K, 0% used [0x00000000d5980000,0x00000000d5980000,0x00000000d5a80000)
 ParOldGen       total 483840K, used 364178K [0x0000000080000000, 0x000000009d880000, 0x00000000d5580000)
  object space 483840K, 75% used [0x0000000080000000,0x00000000963a4ae8,0x000000009d880000)
 Metaspace       used 82754K, committed 84480K, reserved 1179648K
  class space    used 8285K, committed 9088K, reserved 1048576K
}
Event: 1871.757 GC heap before
{Heap before GC invocations=1610 (full 5):
 PSYoungGen      total 5120K, used 4788K [0x00000000d5580000, 0x00000000d5b80000, 0x0000000100000000)
  eden space 4096K, 98% used [0x00000000d5580000,0x00000000d59750c8,0x00000000d5980000)
  from space 1024K, 71% used [0x00000000d5a80000,0x00000000d5b38000,0x00000000d5b80000)
  to   space 1024K, 0% used [0x00000000d5980000,0x00000000d5980000,0x00000000d5a80000)
 ParOldGen       total 483840K, used 364178K [0x0000000080000000, 0x000000009d880000, 0x00000000d5580000)
  object space 483840K, 75% used [0x0000000080000000,0x00000000963a4ae8,0x000000009d880000)
 Metaspace       used 82754K, committed 84480K, reserved 1179648K
  class space    used 8285K, committed 9088K, reserved 1048576K
}
Event: 1871.759 GC heap after
{Heap after GC invocations=1610 (full 5):
 PSYoungGen      total 5120K, used 672K [0x00000000d5580000, 0x00000000d5b80000, 0x0000000100000000)
  eden space 4096K, 0% used [0x00000000d5580000,0x00000000d5580000,0x00000000d5980000)
  from space 1024K, 65% used [0x00000000d5980000,0x00000000d5a28000,0x00000000d5a80000)
  to   space 1024K, 0% used [0x00000000d5a80000,0x00000000d5a80000,0x00000000d5b80000)
 ParOldGen       total 483840K, used 364802K [0x0000000080000000, 0x000000009d880000, 0x00000000d5580000)
  object space 483840K, 75% used [0x0000000080000000,0x0000000096440af8,0x000000009d880000)
 Metaspace       used 82754K, committed 84480K, reserved 1179648K
  class space    used 8285K, committed 9088K, reserved 1048576K
}
Event: 1878.149 GC heap before
{Heap before GC invocations=1611 (full 5):
 PSYoungGen      total 5120K, used 4768K [0x00000000d5580000, 0x00000000d5b80000, 0x0000000100000000)
  eden space 4096K, 100% used [0x00000000d5580000,0x00000000d5980000,0x00000000d5980000)
  from space 1024K, 65% used [0x00000000d5980000,0x00000000d5a28000,0x00000000d5a80000)
  to   space 1024K, 0% used [0x00000000d5a80000,0x00000000d5a80000,0x00000000d5b80000)
 ParOldGen       total 483840K, used 364802K [0x0000000080000000, 0x000000009d880000, 0x00000000d5580000)
  object space 483840K, 75% used [0x0000000080000000,0x0000000096440af8,0x000000009d880000)
 Metaspace       used 82763K, committed 84480K, reserved 1179648K
  class space    used 8285K, committed 9088K, reserved 1048576K
}
Event: 1878.151 GC heap after
{Heap after GC invocations=1611 (full 5):
 PSYoungGen      total 5120K, used 774K [0x00000000d5580000, 0x00000000d5b80000, 0x0000000100000000)
  eden space 4096K, 0% used [0x00000000d5580000,0x00000000d5580000,0x00000000d5980000)
  from space 1024K, 75% used [0x00000000d5a80000,0x00000000d5b41970,0x00000000d5b80000)
  to   space 1024K, 0% used [0x00000000d5980000,0x00000000d5980000,0x00000000d5a80000)
 ParOldGen       total 483840K, used 365082K [0x0000000080000000, 0x000000009d880000, 0x00000000d5580000)
  object space 483840K, 75% used [0x0000000080000000,0x0000000096486af8,0x000000009d880000)
 Metaspace       used 82763K, committed 84480K, reserved 1179648K
  class space    used 8285K, committed 9088K, reserved 1048576K
}
Event: 1878.213 GC heap before
{Heap before GC invocations=1612 (full 5):
 PSYoungGen      total 5120K, used 4870K [0x00000000d5580000, 0x00000000d5b80000, 0x0000000100000000)
  eden space 4096K, 99% used [0x00000000d5580000,0x00000000d597ffe8,0x00000000d5980000)
  from space 1024K, 75% used [0x00000000d5a80000,0x00000000d5b41970,0x00000000d5b80000)
  to   space 1024K, 0% used [0x00000000d5980000,0x00000000d5980000,0x00000000d5a80000)
 ParOldGen       total 483840K, used 395802K [0x0000000080000000, 0x000000009d880000, 0x00000000d5580000)
  object space 483840K, 81% used [0x0000000080000000,0x0000000098286b28,0x000000009d880000)
 Metaspace       used 82766K, committed 84480K, reserved 1179648K
  class space    used 8285K, committed 9088K, reserved 1048576K
}
Event: 1878.215 GC heap after
{Heap after GC invocations=1612 (full 5):
 PSYoungGen      total 5120K, used 320K [0x00000000d5580000, 0x00000000d5b00000, 0x0000000100000000)
  eden space 4096K, 0% used [0x00000000d5580000,0x00000000d5580000,0x00000000d5980000)
  from space 1024K, 31% used [0x00000000d5980000,0x00000000d59d0000,0x00000000d5a80000)
  to   space 512K, 0% used [0x00000000d5a80000,0x00000000d5a80000,0x00000000d5b00000)
 ParOldGen       total 483840K, used 396372K [0x0000000080000000, 0x000000009d880000, 0x00000000d5580000)
  object space 483840K, 81% used [0x0000000080000000,0x00000000983152a8,0x000000009d880000)
 Metaspace       used 82766K, committed 84480K, reserved 1179648K
  class space    used 8285K, committed 9088K, reserved 1048576K
}
Event: 1883.215 GC heap before
{Heap before GC invocations=1613 (full 5):
 PSYoungGen      total 5120K, used 4416K [0x00000000d5580000, 0x00000000d5b00000, 0x0000000100000000)
  eden space 4096K, 100% used [0x00000000d5580000,0x00000000d5980000,0x00000000d5980000)
  from space 1024K, 31% used [0x00000000d5980000,0x00000000d59d0000,0x00000000d5a80000)
  to   space 512K, 0% used [0x00000000d5a80000,0x00000000d5a80000,0x00000000d5b00000)
 ParOldGen       total 483840K, used 396372K [0x0000000080000000, 0x000000009d880000, 0x00000000d5580000)
  object space 483840K, 81% used [0x0000000080000000,0x00000000983152a8,0x000000009d880000)
 Metaspace       used 82920K, committed 84608K, reserved 1179648K
  class space    used 8300K, committed 9088K, reserved 1048576K
}
Event: 1883.217 GC heap after
{Heap after GC invocations=1613 (full 5):
 PSYoungGen      total 4608K, used 378K [0x00000000d5580000, 0x00000000d5b00000, 0x0000000100000000)
  eden space 4096K, 0% used [0x00000000d5580000,0x00000000d5580000,0x00000000d5980000)
  from space 512K, 73% used [0x00000000d5a80000,0x00000000d5ade900,0x00000000d5b00000)
  to   space 512K, 0% used [0x00000000d5a00000,0x00000000d5a00000,0x00000000d5a80000)
 ParOldGen       total 483840K, used 396484K [0x0000000080000000, 0x000000009d880000, 0x00000000d5580000)
  object space 483840K, 81% used [0x0000000080000000,0x00000000983312b8,0x000000009d880000)
 Metaspace       used 82920K, committed 84608K, reserved 1179648K
  class space    used 8300K, committed 9088K, reserved 1048576K
}
Event: 1883.230 GC heap before
{Heap before GC invocations=1614 (full 5):
 PSYoungGen      total 4608K, used 4467K [0x00000000d5580000, 0x00000000d5b00000, 0x0000000100000000)
  eden space 4096K, 99% used [0x00000000d5580000,0x00000000d597e638,0x00000000d5980000)
  from space 512K, 73% used [0x00000000d5a80000,0x00000000d5ade900,0x00000000d5b00000)
  to   space 512K, 0% used [0x00000000d5a00000,0x00000000d5a00000,0x00000000d5a80000)
 ParOldGen       total 483840K, used 396484K [0x0000000080000000, 0x000000009d880000, 0x00000000d5580000)
  object space 483840K, 81% used [0x0000000080000000,0x00000000983312b8,0x000000009d880000)
 Metaspace       used 82929K, committed 84608K, reserved 1179648K
  class space    used 8302K, committed 9088K, reserved 1048576K
}
Event: 1883.231 GC heap after
{Heap after GC invocations=1614 (full 5):
 PSYoungGen      total 4608K, used 288K [0x00000000d5580000, 0x00000000d5b00000, 0x0000000100000000)
  eden space 4096K, 0% used [0x00000000d5580000,0x00000000d5580000,0x00000000d5980000)
  from space 512K, 56% used [0x00000000d5a00000,0x00000000d5a48000,0x00000000d5a80000)
  to   space 512K, 0% used [0x00000000d5a80000,0x00000000d5a80000,0x00000000d5b00000)
 ParOldGen       total 483840K, used 396564K [0x0000000080000000, 0x000000009d880000, 0x00000000d5580000)
  object space 483840K, 81% used [0x0000000080000000,0x00000000983452b8,0x000000009d880000)
 Metaspace       used 82929K, committed 84608K, reserved 1179648K
  class space    used 8302K, committed 9088K, reserved 1048576K
}

